2023-10-25 00:32:39 [DEBUG] valLogger: This is a debug message
2023-10-25 00:32:39 [INFO] valLogger: This is an info message
2023-10-25 00:32:39 [ERROR] valLogger: This is an error message
2023-10-25 00:32:39 [CRITICAL] valLogger: This is a critical message
2023-10-25 00:35:54 [DEBUG] valLogger: This is a debug message
2023-10-25 00:35:54 [INFO] valLogger: This is an info message
2023-10-25 00:35:54 [ERROR] valLogger: This is an error message
2023-10-25 00:35:54 [CRITICAL] valLogger: This is a critical message
2023-10-25 00:37:57 [DEBUG] valLogger: This is a debug message
2023-10-25 00:37:57 [INFO] valLogger: This is an info message
2023-10-25 00:37:57 [ERROR] valLogger: This is an error message
2023-10-25 00:37:57 [CRITICAL] valLogger: This is a critical message
2023-10-25 00:40:05 [DEBUG] valLogger: This is a debug message
2023-10-25 00:40:05 [INFO] valLogger: This is an info message
2023-10-25 00:40:05 [ERROR] valLogger: This is an error message
2023-10-25 00:40:05 [CRITICAL] valLogger: This is a critical message
2023-10-25 00:46:30 [DEBUG] valLogger: This is a debug message
2023-10-25 00:46:30 [INFO] valLogger: This is an info message
2023-10-25 00:46:30 [ERROR] valLogger: This is an error message
2023-10-25 00:46:30 [CRITICAL] valLogger: This is a critical message
2023-10-25 00:46:30 [DEBUG] valLogger: Index 2: 30
